<?xml version="1.0" encoding="UTF-8"?><testsuite errors="0" failures="0" name="com.bestbuy.storetest.StoresCURDTest" skipped="0" tests="5" time="18.64" timestamp="2021-07-20T22:45:24.131+01:00[Europe/London]"><testcase classname="com.bestbuy.storetest.StoresCURDTest" name="This test will create a new stores and verify it"/><testcase classname="com.bestbuy.storetest.StoresCURDTest" name="This test will get the stores information by ID"/><testcase classname="com.bestbuy.storetest.StoresCURDTest" name="This test will update the store information and verify it"/><testcase classname="com.bestbuy.storetest.StoresCURDTest" name="This test will delete the store and verify the store is deleted "/><testcase classname="com.bestbuy.storetest.StoresCURDTest" name="This will get all stores"/></testsuite>