<?xml version="1.0" encoding="UTF-8"?><testsuite errors="0" failures="0" name="com.bestbuy.producttest.ProductCURDTest" skipped="0" tests="5" time="15.25" timestamp="2021-07-20T22:53:02.066+01:00[Europe/London]"><testcase classname="com.bestbuy.producttest.ProductCURDTest" name="This will get all products"/><testcase classname="com.bestbuy.producttest.ProductCURDTest" name="This will create new product"/><testcase classname="com.bestbuy.producttest.ProductCURDTest" name="This will get product- By product ID "/><testcase classname="com.bestbuy.producttest.ProductCURDTest" name="This will be updated a product by id"/><testcase classname="com.bestbuy.producttest.ProductCURDTest" name="This will delete and verify if product is deleted"/></testsuite>