<?xml version="1.0" encoding="UTF-8"?><testsuite errors="0" failures="0" name="com.bestbuy.categoriestest.CategoriesCURDTest" skipped="0" tests="5" time="19.78" timestamp="2021-07-19T13:02:43.707+01:00[Europe/London]"><testcase classname="com.bestbuy.categoriestest.CategoriesCURDTest" name="This test will create a new categories and verify by created categories"/><testcase classname="com.bestbuy.categoriestest.CategoriesCURDTest" name="This test will get the categories information by ID"/><testcase classname="com.bestbuy.categoriestest.CategoriesCURDTest" name="This test will update the categories information and verify the updated information"/><testcase classname="com.bestbuy.categoriestest.CategoriesCURDTest" name="This test will delete the categories information and verify the categories is deleted "/><testcase classname="com.bestbuy.categoriestest.CategoriesCURDTest" name="This will get all categories"/></testsuite>