<?xml version="1.0" encoding="UTF-8"?><testsuite errors="0" failures="0" name="com.bestbuy.servicetest.ServiceCURDTest" skipped="0" tests="5" time="16.59" timestamp="2021-07-20T16:59:47.884+01:00[Europe/London]"><testcase classname="com.bestbuy.servicetest.ServiceCURDTest" name="This test will create a new services and verify it"/><testcase classname="com.bestbuy.servicetest.ServiceCURDTest" name="This test will get the services information by ID"/><testcase classname="com.bestbuy.servicetest.ServiceCURDTest" name="This test will update the services information and verify Update"/><testcase classname="com.bestbuy.servicetest.ServiceCURDTest" name="This test will delete the categories information and verify the categories is deleted "/><testcase classname="com.bestbuy.servicetest.ServiceCURDTest" name="This will get all services"/></testsuite>